app/build/intermediates/manifest_merge_blame_file/debug/manifest-merger-blame-debug-report.txt
1<?xml version="1.0" encoding="utf-8"?>
2<manifest xmlns:android="http://schemas.android.com/apk/res/android"
3    package="com.example.arlingtonrentacar"
4    android:versionCode="1"
5    android:versionName="1.0" >
6
7    <uses-sdk
8        android:minSdkVersion="16"
8-->src/main/AndroidManifest.xml
9        android:targetSdkVersion="29" />
9-->src/main/AndroidManifest.xml
10
11    <application
11-->src/main/AndroidManifest.xml:5:5-34:19
12        android:allowBackup="true"
12-->src/main/AndroidManifest.xml:6:9-35
13        android:appComponentFactory="androidx.core.app.CoreComponentFactory"
13-->[androidx.core:core:1.3.1] AndroidManifest.xml:24:18-86
14        android:debuggable="true"
15        android:icon="@mipmap/ic_launcher"
15-->src/main/AndroidManifest.xml:7:9-43
16        android:label="@string/app_name"
16-->src/main/AndroidManifest.xml:8:9-41
17        android:roundIcon="@mipmap/ic_launcher_round"
17-->src/main/AndroidManifest.xml:9:9-54
18        android:supportsRtl="true"
18-->src/main/AndroidManifest.xml:10:9-35
19        android:testOnly="true"
20        android:theme="@style/AppTheme" >
20-->src/main/AndroidManifest.xml:11:9-40
21        <activity
21-->src/main/AndroidManifest.xml:12:9-13:63
22            android:name="com.example.arlingtonrentacar.RenterHomeScreen"
22-->src/main/AndroidManifest.xml:12:19-51
23            android:label="@string/renter_screen" />
23-->src/main/AndroidManifest.xml:13:13-50
24        <activity
24-->src/main/AndroidManifest.xml:14:9-15:56
25            android:name="com.example.arlingtonrentacar.AdminHomeScreen"
25-->src/main/AndroidManifest.xml:14:19-50
26            android:label="@string/admin_screen" />
26-->src/main/AndroidManifest.xml:15:17-54
27        <activity
27-->src/main/AndroidManifest.xml:16:9-17:53
28            android:name="com.example.arlingtonrentacar.ManagerHomeScreen"
28-->src/main/AndroidManifest.xml:16:19-52
29            android:label="@string/manager_screen" />
29-->src/main/AndroidManifest.xml:17:13-51
30        <activity
30-->src/main/AndroidManifest.xml:18:9-21:59
31            android:name="com.example.arlingtonrentacar.testactivity"
31-->src/main/AndroidManifest.xml:19:13-41
32            android:label="@string/admin_screen"
32-->src/main/AndroidManifest.xml:20:13-49
33            android:theme="@style/AppTheme.NoActionBar" />
33-->src/main/AndroidManifest.xml:21:13-56
34        <activity
34-->src/main/AndroidManifest.xml:22:9-31:20
35            android:name="com.example.arlingtonrentacar.MainActivity"
35-->src/main/AndroidManifest.xml:23:13-41
36            android:label="@string/app_name"
36-->src/main/AndroidManifest.xml:24:13-45
37            android:theme="@style/AppTheme.NoActionBar" >
37-->src/main/AndroidManifest.xml:25:13-56
38            <intent-filter>
38-->src/main/AndroidManifest.xml:26:13-30:29
39                <action android:name="android.intent.action.MAIN" />
39-->src/main/AndroidManifest.xml:27:17-69
39-->src/main/AndroidManifest.xml:27:25-66
40
41                <category android:name="android.intent.category.LAUNCHER" />
41-->src/main/AndroidManifest.xml:29:17-77
41-->src/main/AndroidManifest.xml:29:27-74
42            </intent-filter>
43        </activity>
44        <activity android:name="com.example.arlingtonrentacar.manager.View_Reservation_Calendar" />
44-->src/main/AndroidManifest.xml:32:9-70
44-->src/main/AndroidManifest.xml:32:19-68
45        <activity android:name="com.example.arlingtonrentacar.manager.View_Reservation_Details" />
45-->src/main/AndroidManifest.xml:33:9-70
45-->src/main/AndroidManifest.xml:33:19-67
46    </application>
47
48</manifest>